<?xml version="1.0" encoding="UTF-8"?>
<!-- Generated by org.testng.reporters.JUnitReportReporter -->
<testsuite hostname="DESKTOP-0T1RPA4" failures="0" tests="1" name="TestRestAssured.TestRestAssured.Test01_Post" time="4.286" errors="0" timestamp="2021-07-22T16:43:41 IST" skipped="0">
  <testcase classname="TestRestAssured.TestRestAssured.Test01_Post" name="test01" time="4.286"/>
  <system-out/>
</testsuite> <!-- TestRestAssured.TestRestAssured.Test01_Post -->
